<?xml version="1.0" encoding="UTF-8"?>
<!-- Generated by org.testng.reporters.JUnitReportReporter -->
<testsuite hostname="LAIMUMLT9002" failures="0" tests="1" name="eBanking.testCase.TC_NewCustomerTest" time="20.660" errors="0" timestamp="2023-12-17T20:22:49 IST" skipped="0">
  <testcase classname="eBanking.testCase.TC_NewCustomerTest" name="addNewCustomer" time="20.660"/>
</testsuite> <!-- eBanking.testCase.TC_NewCustomerTest -->
