<?xml version="1.0" encoding="UTF-8"?>
<!-- Generated by org.testng.reporters.JUnitReportReporter -->
<testsuite hostname="LAIMUMLT9002" failures="0" tests="1" name="eBanking.testCase.TC_LoginTest" time="2.622" errors="0" timestamp="2023-12-17T16:51:54 IST" skipped="0">
  <testcase classname="eBanking.testCase.TC_LoginTest" name="login" time="2.622"/>
</testsuite> <!-- eBanking.testCase.TC_LoginTest -->
